D:\проги\КурсачОС\Курсач\Курсач\DEBUG\Курсач.PCH
D:\проги\КурсачОС\Курсач\Курсач\DEBUG\STDAFX.OBJ
D:\ПРОГИ\КУРСАЧОС\КУРСАЧ\КУРСАЧ\DEBUG\VC110.PDB
D:\проги\КурсачОС\Курсач\Курсач\DEBUG\Курсач.OBJ
D:\проги\КурсачОС\Курсач\Курсач\DEBUG\ASSEMBLYINFO.OBJ
D:\проги\КурсачОС\Курсач\DEBUG\Курсач.ILK
D:\проги\КурсачОС\Курсач\DEBUG\Курсач.EXE
D:\ПРОГИ\КУРСАЧОС\КУРСАЧ\DEBUG\КУРСАЧ.PDB
D:\проги\КурсачОС\Курсач\Курсач\DEBUG\APP.RES
D:\проги\КурсачОС\Курсач\Курсач\Debug\Курсач.vcxprojResolveAssemblyReference.cache
D:\проги\КурсачОС\Курсач\Курсач\Debug\.NETFramework,Version=v4.5.AssemblyAttributes.obj
D:\проги\КурсачОС\Курсач\Курсач\Debug\AssemblyInfo.obj
D:\проги\КурсачОС\Курсач\Курсач\Debug\stdafx.obj
D:\проги\КурсачОС\Курсач\Курсач\Debug\Курсач.obj
D:\проги\КурсачОС\Курсач\Курсач\Debug\cl.command.1.tlog
D:\проги\КурсачОС\Курсач\Курсач\Debug\CL.read.1.tlog
D:\проги\КурсачОС\Курсач\Курсач\Debug\CL.write.1.tlog
D:\проги\КурсачОС\Курсач\Курсач\Debug\link.1136-cvtres.read.1.tlog
D:\проги\КурсачОС\Курсач\Курсач\Debug\link.1136-cvtres.write.1.tlog
D:\проги\КурсачОС\Курсач\Курсач\Debug\link.1136-rc.read.1.tlog
D:\проги\КурсачОС\Курсач\Курсач\Debug\link.1136-rc.write.1.tlog
D:\проги\КурсачОС\Курсач\Курсач\Debug\link.1136.read.1.tlog
D:\проги\КурсачОС\Курсач\Курсач\Debug\link.1136.write.1.tlog
D:\проги\КурсачОС\Курсач\Курсач\Debug\link.1344-cvtres.read.1.tlog
D:\проги\КурсачОС\Курсач\Курсач\Debug\link.1344-cvtres.write.1.tlog
D:\проги\КурсачОС\Курсач\Курсач\Debug\link.1344-rc.read.1.tlog
D:\проги\КурсачОС\Курсач\Курсач\Debug\link.1344-rc.write.1.tlog
D:\проги\КурсачОС\Курсач\Курсач\Debug\link.1344.read.1.tlog
D:\проги\КурсачОС\Курсач\Курсач\Debug\link.1344.write.1.tlog
D:\проги\КурсачОС\Курсач\Курсач\Debug\link.1712-cvtres.read.1.tlog
D:\проги\КурсачОС\Курсач\Курсач\Debug\link.1712-cvtres.write.1.tlog
D:\проги\КурсачОС\Курсач\Курсач\Debug\link.1712-rc.read.1.tlog
D:\проги\КурсачОС\Курсач\Курсач\Debug\link.1712-rc.write.1.tlog
D:\проги\КурсачОС\Курсач\Курсач\Debug\link.1712.read.1.tlog
D:\проги\КурсачОС\Курсач\Курсач\Debug\link.1712.write.1.tlog
D:\проги\КурсачОС\Курсач\Курсач\Debug\link.184-cvtres.read.1.tlog
D:\проги\КурсачОС\Курсач\Курсач\Debug\link.184-cvtres.write.1.tlog
D:\проги\КурсачОС\Курсач\Курсач\Debug\link.184-rc.read.1.tlog
D:\проги\КурсачОС\Курсач\Курсач\Debug\link.184-rc.write.1.tlog
D:\проги\КурсачОС\Курсач\Курсач\Debug\link.184.read.1.tlog
D:\проги\КурсачОС\Курсач\Курсач\Debug\link.184.write.1.tlog
D:\проги\КурсачОС\Курсач\Курсач\Debug\link.1900-cvtres.read.1.tlog
D:\проги\КурсачОС\Курсач\Курсач\Debug\link.1900-cvtres.write.1.tlog
D:\проги\КурсачОС\Курсач\Курсач\Debug\link.1900-rc.read.1.tlog
D:\проги\КурсачОС\Курсач\Курсач\Debug\link.1900-rc.write.1.tlog
D:\проги\КурсачОС\Курсач\Курсач\Debug\link.1900.read.1.tlog
D:\проги\КурсачОС\Курсач\Курсач\Debug\link.1900.write.1.tlog
D:\проги\КурсачОС\Курсач\Курсач\Debug\link.2084-cvtres.read.1.tlog
D:\проги\КурсачОС\Курсач\Курсач\Debug\link.2084-cvtres.write.1.tlog
D:\проги\КурсачОС\Курсач\Курсач\Debug\link.2084-rc.read.1.tlog
D:\проги\КурсачОС\Курсач\Курсач\Debug\link.2084-rc.write.1.tlog
D:\проги\КурсачОС\Курсач\Курсач\Debug\link.2084.read.1.tlog
D:\проги\КурсачОС\Курсач\Курсач\Debug\link.2084.write.1.tlog
D:\проги\КурсачОС\Курсач\Курсач\Debug\link.2372-cvtres.read.1.tlog
D:\проги\КурсачОС\Курсач\Курсач\Debug\link.2372-cvtres.write.1.tlog
D:\проги\КурсачОС\Курсач\Курсач\Debug\link.2372-rc.read.1.tlog
D:\проги\КурсачОС\Курсач\Курсач\Debug\link.2372-rc.write.1.tlog
D:\проги\КурсачОС\Курсач\Курсач\Debug\link.2372.read.1.tlog
D:\проги\КурсачОС\Курсач\Курсач\Debug\link.2372.write.1.tlog
D:\проги\КурсачОС\Курсач\Курсач\Debug\link.2436-cvtres.read.1.tlog
D:\проги\КурсачОС\Курсач\Курсач\Debug\link.2436-cvtres.write.1.tlog
D:\проги\КурсачОС\Курсач\Курсач\Debug\link.2436-rc.read.1.tlog
D:\проги\КурсачОС\Курсач\Курсач\Debug\link.2436-rc.write.1.tlog
D:\проги\КурсачОС\Курсач\Курсач\Debug\link.2436.read.1.tlog
D:\проги\КурсачОС\Курсач\Курсач\Debug\link.2436.write.1.tlog
D:\проги\КурсачОС\Курсач\Курсач\Debug\link.2472-cvtres.read.1.tlog
D:\проги\КурсачОС\Курсач\Курсач\Debug\link.2472-cvtres.write.1.tlog
D:\проги\КурсачОС\Курсач\Курсач\Debug\link.2472-rc.read.1.tlog
D:\проги\КурсачОС\Курсач\Курсач\Debug\link.2472-rc.write.1.tlog
D:\проги\КурсачОС\Курсач\Курсач\Debug\link.2472.read.1.tlog
D:\проги\КурсачОС\Курсач\Курсач\Debug\link.2472.write.1.tlog
D:\проги\КурсачОС\Курсач\Курсач\Debug\link.2508-cvtres.read.1.tlog
D:\проги\КурсачОС\Курсач\Курсач\Debug\link.2508-cvtres.write.1.tlog
D:\проги\КурсачОС\Курсач\Курсач\Debug\link.2508-rc.read.1.tlog
D:\проги\КурсачОС\Курсач\Курсач\Debug\link.2508-rc.write.1.tlog
D:\проги\КурсачОС\Курсач\Курсач\Debug\link.2508.read.1.tlog
D:\проги\КурсачОС\Курсач\Курсач\Debug\link.2508.write.1.tlog
D:\проги\КурсачОС\Курсач\Курсач\Debug\link.2532-cvtres.read.1.tlog
D:\проги\КурсачОС\Курсач\Курсач\Debug\link.2532-cvtres.write.1.tlog
D:\проги\КурсачОС\Курсач\Курсач\Debug\link.2532-rc.read.1.tlog
D:\проги\КурсачОС\Курсач\Курсач\Debug\link.2532-rc.write.1.tlog
D:\проги\КурсачОС\Курсач\Курсач\Debug\link.2532.read.1.tlog
D:\проги\КурсачОС\Курсач\Курсач\Debug\link.2532.write.1.tlog
D:\проги\КурсачОС\Курсач\Курсач\Debug\link.2588-cvtres.read.1.tlog
D:\проги\КурсачОС\Курсач\Курсач\Debug\link.2588-cvtres.write.1.tlog
D:\проги\КурсачОС\Курсач\Курсач\Debug\link.2588-rc.read.1.tlog
D:\проги\КурсачОС\Курсач\Курсач\Debug\link.2588-rc.write.1.tlog
D:\проги\КурсачОС\Курсач\Курсач\Debug\link.2588.read.1.tlog
D:\проги\КурсачОС\Курсач\Курсач\Debug\link.2588.write.1.tlog
D:\проги\КурсачОС\Курсач\Курсач\Debug\link.2596-cvtres.read.1.tlog
D:\проги\КурсачОС\Курсач\Курсач\Debug\link.2596-cvtres.write.1.tlog
D:\проги\КурсачОС\Курсач\Курсач\Debug\link.2596-rc.read.1.tlog
D:\проги\КурсачОС\Курсач\Курсач\Debug\link.2596-rc.write.1.tlog
D:\проги\КурсачОС\Курсач\Курсач\Debug\link.2596.read.1.tlog
D:\проги\КурсачОС\Курсач\Курсач\Debug\link.2596.write.1.tlog
D:\проги\КурсачОС\Курсач\Курсач\Debug\link.2840-cvtres.read.1.tlog
D:\проги\КурсачОС\Курсач\Курсач\Debug\link.2840-cvtres.write.1.tlog
D:\проги\КурсачОС\Курсач\Курсач\Debug\link.2840-rc.read.1.tlog
D:\проги\КурсачОС\Курсач\Курсач\Debug\link.2840-rc.write.1.tlog
D:\проги\КурсачОС\Курсач\Курсач\Debug\link.2840.read.1.tlog
D:\проги\КурсачОС\Курсач\Курсач\Debug\link.2840.write.1.tlog
D:\проги\КурсачОС\Курсач\Курсач\Debug\link.2864-cvtres.read.1.tlog
D:\проги\КурсачОС\Курсач\Курсач\Debug\link.2864-cvtres.write.1.tlog
D:\проги\КурсачОС\Курсач\Курсач\Debug\link.2864-rc.read.1.tlog
D:\проги\КурсачОС\Курсач\Курсач\Debug\link.2864-rc.write.1.tlog
D:\проги\КурсачОС\Курсач\Курсач\Debug\link.2864.read.1.tlog
D:\проги\КурсачОС\Курсач\Курсач\Debug\link.2864.write.1.tlog
D:\проги\КурсачОС\Курсач\Курсач\Debug\link.2868-cvtres.read.1.tlog
D:\проги\КурсачОС\Курсач\Курсач\Debug\link.2868-cvtres.write.1.tlog
D:\проги\КурсачОС\Курсач\Курсач\Debug\link.2868-rc.read.1.tlog
D:\проги\КурсачОС\Курсач\Курсач\Debug\link.2868-rc.write.1.tlog
D:\проги\КурсачОС\Курсач\Курсач\Debug\link.2868.read.1.tlog
D:\проги\КурсачОС\Курсач\Курсач\Debug\link.2868.write.1.tlog
D:\проги\КурсачОС\Курсач\Курсач\Debug\link.304-cvtres.read.1.tlog
D:\проги\КурсачОС\Курсач\Курсач\Debug\link.304-cvtres.write.1.tlog
D:\проги\КурсачОС\Курсач\Курсач\Debug\link.304-rc.read.1.tlog
D:\проги\КурсачОС\Курсач\Курсач\Debug\link.304-rc.write.1.tlog
D:\проги\КурсачОС\Курсач\Курсач\Debug\link.304.read.1.tlog
D:\проги\КурсачОС\Курсач\Курсач\Debug\link.304.write.1.tlog
D:\проги\КурсачОС\Курсач\Курсач\Debug\link.3080-cvtres.read.1.tlog
D:\проги\КурсачОС\Курсач\Курсач\Debug\link.3080-cvtres.write.1.tlog
D:\проги\КурсачОС\Курсач\Курсач\Debug\link.3080-rc.read.1.tlog
D:\проги\КурсачОС\Курсач\Курсач\Debug\link.3080-rc.write.1.tlog
D:\проги\КурсачОС\Курсач\Курсач\Debug\link.3080.read.1.tlog
D:\проги\КурсачОС\Курсач\Курсач\Debug\link.3080.write.1.tlog
D:\проги\КурсачОС\Курсач\Курсач\Debug\link.3280-cvtres.read.1.tlog
D:\проги\КурсачОС\Курсач\Курсач\Debug\link.3280-cvtres.write.1.tlog
D:\проги\КурсачОС\Курсач\Курсач\Debug\link.3280-rc.read.1.tlog
D:\проги\КурсачОС\Курсач\Курсач\Debug\link.3280-rc.write.1.tlog
D:\проги\КурсачОС\Курсач\Курсач\Debug\link.3280.read.1.tlog
D:\проги\КурсачОС\Курсач\Курсач\Debug\link.3280.write.1.tlog
D:\проги\КурсачОС\Курсач\Курсач\Debug\link.3312-cvtres.read.1.tlog
D:\проги\КурсачОС\Курсач\Курсач\Debug\link.3312-cvtres.write.1.tlog
D:\проги\КурсачОС\Курсач\Курсач\Debug\link.3312-rc.read.1.tlog
D:\проги\КурсачОС\Курсач\Курсач\Debug\link.3312-rc.write.1.tlog
D:\проги\КурсачОС\Курсач\Курсач\Debug\link.3312.read.1.tlog
D:\проги\КурсачОС\Курсач\Курсач\Debug\link.3312.write.1.tlog
D:\проги\КурсачОС\Курсач\Курсач\Debug\link.3468-cvtres.read.1.tlog
D:\проги\КурсачОС\Курсач\Курсач\Debug\link.3468-cvtres.write.1.tlog
D:\проги\КурсачОС\Курсач\Курсач\Debug\link.3468-rc.read.1.tlog
D:\проги\КурсачОС\Курсач\Курсач\Debug\link.3468-rc.write.1.tlog
D:\проги\КурсачОС\Курсач\Курсач\Debug\link.3468.read.1.tlog
D:\проги\КурсачОС\Курсач\Курсач\Debug\link.3468.write.1.tlog
D:\проги\КурсачОС\Курсач\Курсач\Debug\link.3476-cvtres.read.1.tlog
D:\проги\КурсачОС\Курсач\Курсач\Debug\link.3476-cvtres.write.1.tlog
D:\проги\КурсачОС\Курсач\Курсач\Debug\link.3476-rc.read.1.tlog
D:\проги\КурсачОС\Курсач\Курсач\Debug\link.3476-rc.write.1.tlog
D:\проги\КурсачОС\Курсач\Курсач\Debug\link.3476.read.1.tlog
D:\проги\КурсачОС\Курсач\Курсач\Debug\link.3476.write.1.tlog
D:\проги\КурсачОС\Курсач\Курсач\Debug\link.3480-cvtres.read.1.tlog
D:\проги\КурсачОС\Курсач\Курсач\Debug\link.3480-cvtres.write.1.tlog
D:\проги\КурсачОС\Курсач\Курсач\Debug\link.3480-rc.read.1.tlog
D:\проги\КурсачОС\Курсач\Курсач\Debug\link.3480-rc.write.1.tlog
D:\проги\КурсачОС\Курсач\Курсач\Debug\link.3480.read.1.tlog
D:\проги\КурсачОС\Курсач\Курсач\Debug\link.3480.write.1.tlog
D:\проги\КурсачОС\Курсач\Курсач\Debug\link.3628-cvtres.read.1.tlog
D:\проги\КурсачОС\Курсач\Курсач\Debug\link.3628-cvtres.write.1.tlog
D:\проги\КурсачОС\Курсач\Курсач\Debug\link.3628-rc.read.1.tlog
D:\проги\КурсачОС\Курсач\Курсач\Debug\link.3628-rc.write.1.tlog
D:\проги\КурсачОС\Курсач\Курсач\Debug\link.3628.read.1.tlog
D:\проги\КурсачОС\Курсач\Курсач\Debug\link.3628.write.1.tlog
D:\проги\КурсачОС\Курсач\Курсач\Debug\link.3640-cvtres.read.1.tlog
D:\проги\КурсачОС\Курсач\Курсач\Debug\link.3640-cvtres.write.1.tlog
D:\проги\КурсачОС\Курсач\Курсач\Debug\link.3640-rc.read.1.tlog
D:\проги\КурсачОС\Курсач\Курсач\Debug\link.3640-rc.write.1.tlog
D:\проги\КурсачОС\Курсач\Курсач\Debug\link.3640.read.1.tlog
D:\проги\КурсачОС\Курсач\Курсач\Debug\link.3640.write.1.tlog
D:\проги\КурсачОС\Курсач\Курсач\Debug\link.3668-cvtres.read.1.tlog
D:\проги\КурсачОС\Курсач\Курсач\Debug\link.3668-cvtres.write.1.tlog
D:\проги\КурсачОС\Курсач\Курсач\Debug\link.3668-rc.read.1.tlog
D:\проги\КурсачОС\Курсач\Курсач\Debug\link.3668-rc.write.1.tlog
D:\проги\КурсачОС\Курсач\Курсач\Debug\link.3668.read.1.tlog
D:\проги\КурсачОС\Курсач\Курсач\Debug\link.3668.write.1.tlog
D:\проги\КурсачОС\Курсач\Курсач\Debug\link.3708-cvtres.read.1.tlog
D:\проги\КурсачОС\Курсач\Курсач\Debug\link.3708-cvtres.write.1.tlog
D:\проги\КурсачОС\Курсач\Курсач\Debug\link.3708-rc.read.1.tlog
D:\проги\КурсачОС\Курсач\Курсач\Debug\link.3708-rc.write.1.tlog
D:\проги\КурсачОС\Курсач\Курсач\Debug\link.3708.read.1.tlog
D:\проги\КурсачОС\Курсач\Курсач\Debug\link.3708.write.1.tlog
D:\проги\КурсачОС\Курсач\Курсач\Debug\link.3720-cvtres.read.1.tlog
D:\проги\КурсачОС\Курсач\Курсач\Debug\link.3720-cvtres.write.1.tlog
D:\проги\КурсачОС\Курсач\Курсач\Debug\link.3720-rc.read.1.tlog
D:\проги\КурсачОС\Курсач\Курсач\Debug\link.3720-rc.write.1.tlog
D:\проги\КурсачОС\Курсач\Курсач\Debug\link.3720.read.1.tlog
D:\проги\КурсачОС\Курсач\Курсач\Debug\link.3720.write.1.tlog
D:\проги\КурсачОС\Курсач\Курсач\Debug\link.3740-cvtres.read.1.tlog
D:\проги\КурсачОС\Курсач\Курсач\Debug\link.3740-cvtres.write.1.tlog
D:\проги\КурсачОС\Курсач\Курсач\Debug\link.3740-rc.read.1.tlog
D:\проги\КурсачОС\Курсач\Курсач\Debug\link.3740-rc.write.1.tlog
D:\проги\КурсачОС\Курсач\Курсач\Debug\link.3740.read.1.tlog
D:\проги\КурсачОС\Курсач\Курсач\Debug\link.3740.write.1.tlog
D:\проги\КурсачОС\Курсач\Курсач\Debug\link.3796-cvtres.read.1.tlog
D:\проги\КурсачОС\Курсач\Курсач\Debug\link.3796-cvtres.write.1.tlog
D:\проги\КурсачОС\Курсач\Курсач\Debug\link.3796-rc.read.1.tlog
D:\проги\КурсачОС\Курсач\Курсач\Debug\link.3796-rc.write.1.tlog
D:\проги\КурсачОС\Курсач\Курсач\Debug\link.3796.read.1.tlog
D:\проги\КурсачОС\Курсач\Курсач\Debug\link.3796.write.1.tlog
D:\проги\КурсачОС\Курсач\Курсач\Debug\link.3944-cvtres.read.1.tlog
D:\проги\КурсачОС\Курсач\Курсач\Debug\link.3944-cvtres.write.1.tlog
D:\проги\КурсачОС\Курсач\Курсач\Debug\link.3944-rc.read.1.tlog
D:\проги\КурсачОС\Курсач\Курсач\Debug\link.3944-rc.write.1.tlog
D:\проги\КурсачОС\Курсач\Курсач\Debug\link.3944.read.1.tlog
D:\проги\КурсачОС\Курсач\Курсач\Debug\link.3944.write.1.tlog
D:\проги\КурсачОС\Курсач\Курсач\Debug\link.3996-cvtres.read.1.tlog
D:\проги\КурсачОС\Курсач\Курсач\Debug\link.3996-cvtres.write.1.tlog
D:\проги\КурсачОС\Курсач\Курсач\Debug\link.3996-rc.read.1.tlog
D:\проги\КурсачОС\Курсач\Курсач\Debug\link.3996-rc.write.1.tlog
D:\проги\КурсачОС\Курсач\Курсач\Debug\link.3996.read.1.tlog
D:\проги\КурсачОС\Курсач\Курсач\Debug\link.3996.write.1.tlog
D:\проги\КурсачОС\Курсач\Курсач\Debug\link.4128-cvtres.read.1.tlog
D:\проги\КурсачОС\Курсач\Курсач\Debug\link.4128-cvtres.write.1.tlog
D:\проги\КурсачОС\Курсач\Курсач\Debug\link.4128-rc.read.1.tlog
D:\проги\КурсачОС\Курсач\Курсач\Debug\link.4128-rc.write.1.tlog
D:\проги\КурсачОС\Курсач\Курсач\Debug\link.4128.read.1.tlog
D:\проги\КурсачОС\Курсач\Курсач\Debug\link.4128.write.1.tlog
D:\проги\КурсачОС\Курсач\Курсач\Debug\link.4204-cvtres.read.1.tlog
D:\проги\КурсачОС\Курсач\Курсач\Debug\link.4204-cvtres.write.1.tlog
D:\проги\КурсачОС\Курсач\Курсач\Debug\link.4204-rc.read.1.tlog
D:\проги\КурсачОС\Курсач\Курсач\Debug\link.4204-rc.write.1.tlog
D:\проги\КурсачОС\Курсач\Курсач\Debug\link.4204.read.1.tlog
D:\проги\КурсачОС\Курсач\Курсач\Debug\link.4204.write.1.tlog
D:\проги\КурсачОС\Курсач\Курсач\Debug\link.4388-cvtres.read.1.tlog
D:\проги\КурсачОС\Курсач\Курсач\Debug\link.4388-cvtres.write.1.tlog
D:\проги\КурсачОС\Курсач\Курсач\Debug\link.4388-rc.read.1.tlog
D:\проги\КурсачОС\Курсач\Курсач\Debug\link.4388-rc.write.1.tlog
D:\проги\КурсачОС\Курсач\Курсач\Debug\link.4388.read.1.tlog
D:\проги\КурсачОС\Курсач\Курсач\Debug\link.4388.write.1.tlog
D:\проги\КурсачОС\Курсач\Курсач\Debug\link.4508-cvtres.read.1.tlog
D:\проги\КурсачОС\Курсач\Курсач\Debug\link.4508-cvtres.write.1.tlog
D:\проги\КурсачОС\Курсач\Курсач\Debug\link.4508-rc.read.1.tlog
D:\проги\КурсачОС\Курсач\Курсач\Debug\link.4508-rc.write.1.tlog
D:\проги\КурсачОС\Курсач\Курсач\Debug\link.4508.read.1.tlog
D:\проги\КурсачОС\Курсач\Курсач\Debug\link.4508.write.1.tlog
D:\проги\КурсачОС\Курсач\Курсач\Debug\link.4528-cvtres.read.1.tlog
D:\проги\КурсачОС\Курсач\Курсач\Debug\link.4528-cvtres.write.1.tlog
D:\проги\КурсачОС\Курсач\Курсач\Debug\link.4528-rc.read.1.tlog
D:\проги\КурсачОС\Курсач\Курсач\Debug\link.4528-rc.write.1.tlog
D:\проги\КурсачОС\Курсач\Курсач\Debug\link.4528.read.1.tlog
D:\проги\КурсачОС\Курсач\Курсач\Debug\link.4528.write.1.tlog
D:\проги\КурсачОС\Курсач\Курсач\Debug\link.4560-cvtres.read.1.tlog
D:\проги\КурсачОС\Курсач\Курсач\Debug\link.4560-cvtres.write.1.tlog
D:\проги\КурсачОС\Курсач\Курсач\Debug\link.4560-rc.read.1.tlog
D:\проги\КурсачОС\Курсач\Курсач\Debug\link.4560-rc.write.1.tlog
D:\проги\КурсачОС\Курсач\Курсач\Debug\link.4560.read.1.tlog
D:\проги\КурсачОС\Курсач\Курсач\Debug\link.4560.write.1.tlog
D:\проги\КурсачОС\Курсач\Курсач\Debug\link.460-cvtres.read.1.tlog
D:\проги\КурсачОС\Курсач\Курсач\Debug\link.460-cvtres.write.1.tlog
D:\проги\КурсачОС\Курсач\Курсач\Debug\link.460-rc.read.1.tlog
D:\проги\КурсачОС\Курсач\Курсач\Debug\link.460-rc.write.1.tlog
D:\проги\КурсачОС\Курсач\Курсач\Debug\link.460.read.1.tlog
D:\проги\КурсачОС\Курсач\Курсач\Debug\link.460.write.1.tlog
D:\проги\КурсачОС\Курсач\Курсач\Debug\link.4600-cvtres.read.1.tlog
D:\проги\КурсачОС\Курсач\Курсач\Debug\link.4600-cvtres.write.1.tlog
D:\проги\КурсачОС\Курсач\Курсач\Debug\link.4600-rc.read.1.tlog
D:\проги\КурсачОС\Курсач\Курсач\Debug\link.4600-rc.write.1.tlog
D:\проги\КурсачОС\Курсач\Курсач\Debug\link.4600.read.1.tlog
D:\проги\КурсачОС\Курсач\Курсач\Debug\link.4600.write.1.tlog
D:\проги\КурсачОС\Курсач\Курсач\Debug\link.4612-cvtres.read.1.tlog
D:\проги\КурсачОС\Курсач\Курсач\Debug\link.4612-cvtres.write.1.tlog
D:\проги\КурсачОС\Курсач\Курсач\Debug\link.4612-rc.read.1.tlog
D:\проги\КурсачОС\Курсач\Курсач\Debug\link.4612-rc.write.1.tlog
D:\проги\КурсачОС\Курсач\Курсач\Debug\link.4612.read.1.tlog
D:\проги\КурсачОС\Курсач\Курсач\Debug\link.4612.write.1.tlog
D:\проги\КурсачОС\Курсач\Курсач\Debug\link.4752-cvtres.read.1.tlog
D:\проги\КурсачОС\Курсач\Курсач\Debug\link.4752-cvtres.write.1.tlog
D:\проги\КурсачОС\Курсач\Курсач\Debug\link.4752-rc.read.1.tlog
D:\проги\КурсачОС\Курсач\Курсач\Debug\link.4752-rc.write.1.tlog
D:\проги\КурсачОС\Курсач\Курсач\Debug\link.4752.read.1.tlog
D:\проги\КурсачОС\Курсач\Курсач\Debug\link.4752.write.1.tlog
D:\проги\КурсачОС\Курсач\Курсач\Debug\link.4868-cvtres.read.1.tlog
D:\проги\КурсачОС\Курсач\Курсач\Debug\link.4868-cvtres.write.1.tlog
D:\проги\КурсачОС\Курсач\Курсач\Debug\link.4868-rc.read.1.tlog
D:\проги\КурсачОС\Курсач\Курсач\Debug\link.4868-rc.write.1.tlog
D:\проги\КурсачОС\Курсач\Курсач\Debug\link.4868.read.1.tlog
D:\проги\КурсачОС\Курсач\Курсач\Debug\link.4868.write.1.tlog
D:\проги\КурсачОС\Курсач\Курсач\Debug\link.4896-cvtres.read.1.tlog
D:\проги\КурсачОС\Курсач\Курсач\Debug\link.4896-cvtres.write.1.tlog
D:\проги\КурсачОС\Курсач\Курсач\Debug\link.4896-rc.read.1.tlog
D:\проги\КурсачОС\Курсач\Курсач\Debug\link.4896-rc.write.1.tlog
D:\проги\КурсачОС\Курсач\Курсач\Debug\link.4896.read.1.tlog
D:\проги\КурсачОС\Курсач\Курсач\Debug\link.4896.write.1.tlog
D:\проги\КурсачОС\Курсач\Курсач\Debug\link.4940-cvtres.read.1.tlog
D:\проги\КурсачОС\Курсач\Курсач\Debug\link.4940-cvtres.write.1.tlog
D:\проги\КурсачОС\Курсач\Курсач\Debug\link.4940-rc.read.1.tlog
D:\проги\КурсачОС\Курсач\Курсач\Debug\link.4940-rc.write.1.tlog
D:\проги\КурсачОС\Курсач\Курсач\Debug\link.4940.read.1.tlog
D:\проги\КурсачОС\Курсач\Курсач\Debug\link.4940.write.1.tlog
D:\проги\КурсачОС\Курсач\Курсач\Debug\link.5084-cvtres.read.1.tlog
D:\проги\КурсачОС\Курсач\Курсач\Debug\link.5084-cvtres.write.1.tlog
D:\проги\КурсачОС\Курсач\Курсач\Debug\link.5084-rc.read.1.tlog
D:\проги\КурсачОС\Курсач\Курсач\Debug\link.5084-rc.write.1.tlog
D:\проги\КурсачОС\Курсач\Курсач\Debug\link.5084.read.1.tlog
D:\проги\КурсачОС\Курсач\Курсач\Debug\link.5084.write.1.tlog
D:\проги\КурсачОС\Курсач\Курсач\Debug\link.5148-cvtres.read.1.tlog
D:\проги\КурсачОС\Курсач\Курсач\Debug\link.5148-cvtres.write.1.tlog
D:\проги\КурсачОС\Курсач\Курсач\Debug\link.5148-rc.read.1.tlog
D:\проги\КурсачОС\Курсач\Курсач\Debug\link.5148-rc.write.1.tlog
D:\проги\КурсачОС\Курсач\Курсач\Debug\link.5148.read.1.tlog
D:\проги\КурсачОС\Курсач\Курсач\Debug\link.5148.write.1.tlog
D:\проги\КурсачОС\Курсач\Курсач\Debug\link.52-cvtres.read.1.tlog
D:\проги\КурсачОС\Курсач\Курсач\Debug\link.52-cvtres.write.1.tlog
D:\проги\КурсачОС\Курсач\Курсач\Debug\link.52-rc.read.1.tlog
D:\проги\КурсачОС\Курсач\Курсач\Debug\link.52-rc.write.1.tlog
D:\проги\КурсачОС\Курсач\Курсач\Debug\link.52.read.1.tlog
D:\проги\КурсачОС\Курсач\Курсач\Debug\link.52.write.1.tlog
D:\проги\КурсачОС\Курсач\Курсач\Debug\link.5272-cvtres.read.1.tlog
D:\проги\КурсачОС\Курсач\Курсач\Debug\link.5272-cvtres.write.1.tlog
D:\проги\КурсачОС\Курсач\Курсач\Debug\link.5272-rc.read.1.tlog
D:\проги\КурсачОС\Курсач\Курсач\Debug\link.5272-rc.write.1.tlog
D:\проги\КурсачОС\Курсач\Курсач\Debug\link.5272.read.1.tlog
D:\проги\КурсачОС\Курсач\Курсач\Debug\link.5272.write.1.tlog
D:\проги\КурсачОС\Курсач\Курсач\Debug\link.5412-cvtres.read.1.tlog
D:\проги\КурсачОС\Курсач\Курсач\Debug\link.5412-cvtres.write.1.tlog
D:\проги\КурсачОС\Курсач\Курсач\Debug\link.5412-rc.read.1.tlog
D:\проги\КурсачОС\Курсач\Курсач\Debug\link.5412-rc.write.1.tlog
D:\проги\КурсачОС\Курсач\Курсач\Debug\link.5412.read.1.tlog
D:\проги\КурсачОС\Курсач\Курсач\Debug\link.5412.write.1.tlog
D:\проги\КурсачОС\Курсач\Курсач\Debug\link.5480-cvtres.read.1.tlog
D:\проги\КурсачОС\Курсач\Курсач\Debug\link.5480-cvtres.write.1.tlog
D:\проги\КурсачОС\Курсач\Курсач\Debug\link.5480-rc.read.1.tlog
D:\проги\КурсачОС\Курсач\Курсач\Debug\link.5480-rc.write.1.tlog
D:\проги\КурсачОС\Курсач\Курсач\Debug\link.5480.read.1.tlog
D:\проги\КурсачОС\Курсач\Курсач\Debug\link.5480.write.1.tlog
D:\проги\КурсачОС\Курсач\Курсач\Debug\link.5520-cvtres.read.1.tlog
D:\проги\КурсачОС\Курсач\Курсач\Debug\link.5520-cvtres.write.1.tlog
D:\проги\КурсачОС\Курсач\Курсач\Debug\link.5520-rc.read.1.tlog
D:\проги\КурсачОС\Курсач\Курсач\Debug\link.5520-rc.write.1.tlog
D:\проги\КурсачОС\Курсач\Курсач\Debug\link.5520.read.1.tlog
D:\проги\КурсачОС\Курсач\Курсач\Debug\link.5520.write.1.tlog
D:\проги\КурсачОС\Курсач\Курсач\Debug\link.5592-cvtres.read.1.tlog
D:\проги\КурсачОС\Курсач\Курсач\Debug\link.5592-cvtres.write.1.tlog
D:\проги\КурсачОС\Курсач\Курсач\Debug\link.5592-rc.read.1.tlog
D:\проги\КурсачОС\Курсач\Курсач\Debug\link.5592-rc.write.1.tlog
D:\проги\КурсачОС\Курсач\Курсач\Debug\link.5592.read.1.tlog
D:\проги\КурсачОС\Курсач\Курсач\Debug\link.5592.write.1.tlog
D:\проги\КурсачОС\Курсач\Курсач\Debug\link.5612-cvtres.read.1.tlog
D:\проги\КурсачОС\Курсач\Курсач\Debug\link.5612-cvtres.write.1.tlog
D:\проги\КурсачОС\Курсач\Курсач\Debug\link.5612-rc.read.1.tlog
D:\проги\КурсачОС\Курсач\Курсач\Debug\link.5612-rc.write.1.tlog
D:\проги\КурсачОС\Курсач\Курсач\Debug\link.5612.read.1.tlog
D:\проги\КурсачОС\Курсач\Курсач\Debug\link.5612.write.1.tlog
D:\проги\КурсачОС\Курсач\Курсач\Debug\link.5616-cvtres.read.1.tlog
D:\проги\КурсачОС\Курсач\Курсач\Debug\link.5616-cvtres.write.1.tlog
D:\проги\КурсачОС\Курсач\Курсач\Debug\link.5616-rc.read.1.tlog
D:\проги\КурсачОС\Курсач\Курсач\Debug\link.5616-rc.write.1.tlog
D:\проги\КурсачОС\Курсач\Курсач\Debug\link.5616.read.1.tlog
D:\проги\КурсачОС\Курсач\Курсач\Debug\link.5616.write.1.tlog
D:\проги\КурсачОС\Курсач\Курсач\Debug\link.5624-cvtres.read.1.tlog
D:\проги\КурсачОС\Курсач\Курсач\Debug\link.5624-cvtres.write.1.tlog
D:\проги\КурсачОС\Курсач\Курсач\Debug\link.5624-rc.read.1.tlog
D:\проги\КурсачОС\Курсач\Курсач\Debug\link.5624-rc.write.1.tlog
D:\проги\КурсачОС\Курсач\Курсач\Debug\link.5624.read.1.tlog
D:\проги\КурсачОС\Курсач\Курсач\Debug\link.5624.write.1.tlog
D:\проги\КурсачОС\Курсач\Курсач\Debug\link.5664-cvtres.read.1.tlog
D:\проги\КурсачОС\Курсач\Курсач\Debug\link.5664-cvtres.write.1.tlog
D:\проги\КурсачОС\Курсач\Курсач\Debug\link.5664-rc.read.1.tlog
D:\проги\КурсачОС\Курсач\Курсач\Debug\link.5664-rc.write.1.tlog
D:\проги\КурсачОС\Курсач\Курсач\Debug\link.5664.read.1.tlog
D:\проги\КурсачОС\Курсач\Курсач\Debug\link.5664.write.1.tlog
D:\проги\КурсачОС\Курсач\Курсач\Debug\link.5848-cvtres.read.1.tlog
D:\проги\КурсачОС\Курсач\Курсач\Debug\link.5848-cvtres.write.1.tlog
D:\проги\КурсачОС\Курсач\Курсач\Debug\link.5848-rc.read.1.tlog
D:\проги\КурсачОС\Курсач\Курсач\Debug\link.5848-rc.write.1.tlog
D:\проги\КурсачОС\Курсач\Курсач\Debug\link.5848.read.1.tlog
D:\проги\КурсачОС\Курсач\Курсач\Debug\link.5848.write.1.tlog
D:\проги\КурсачОС\Курсач\Курсач\Debug\link.5968-cvtres.read.1.tlog
D:\проги\КурсачОС\Курсач\Курсач\Debug\link.5968-cvtres.write.1.tlog
D:\проги\КурсачОС\Курсач\Курсач\Debug\link.5968-rc.read.1.tlog
D:\проги\КурсачОС\Курсач\Курсач\Debug\link.5968-rc.write.1.tlog
D:\проги\КурсачОС\Курсач\Курсач\Debug\link.5968.read.1.tlog
D:\проги\КурсачОС\Курсач\Курсач\Debug\link.5968.write.1.tlog
D:\проги\КурсачОС\Курсач\Курсач\Debug\link.5984-cvtres.read.1.tlog
D:\проги\КурсачОС\Курсач\Курсач\Debug\link.5984-cvtres.write.1.tlog
D:\проги\КурсачОС\Курсач\Курсач\Debug\link.5984-rc.read.1.tlog
D:\проги\КурсачОС\Курсач\Курсач\Debug\link.5984-rc.write.1.tlog
D:\проги\КурсачОС\Курсач\Курсач\Debug\link.5984.read.1.tlog
D:\проги\КурсачОС\Курсач\Курсач\Debug\link.5984.write.1.tlog
D:\проги\КурсачОС\Курсач\Курсач\Debug\link.6000-cvtres.read.1.tlog
D:\проги\КурсачОС\Курсач\Курсач\Debug\link.6000-cvtres.write.1.tlog
D:\проги\КурсачОС\Курсач\Курсач\Debug\link.6000-rc.read.1.tlog
D:\проги\КурсачОС\Курсач\Курсач\Debug\link.6000-rc.write.1.tlog
D:\проги\КурсачОС\Курсач\Курсач\Debug\link.6000.read.1.tlog
D:\проги\КурсачОС\Курсач\Курсач\Debug\link.6000.write.1.tlog
D:\проги\КурсачОС\Курсач\Курсач\Debug\link.604-cvtres.read.1.tlog
D:\проги\КурсачОС\Курсач\Курсач\Debug\link.604-cvtres.write.1.tlog
D:\проги\КурсачОС\Курсач\Курсач\Debug\link.604-rc.read.1.tlog
D:\проги\КурсачОС\Курсач\Курсач\Debug\link.604-rc.write.1.tlog
D:\проги\КурсачОС\Курсач\Курсач\Debug\link.604.read.1.tlog
D:\проги\КурсачОС\Курсач\Курсач\Debug\link.604.write.1.tlog
D:\проги\КурсачОС\Курсач\Курсач\Debug\link.6176-cvtres.read.1.tlog
D:\проги\КурсачОС\Курсач\Курсач\Debug\link.6176-cvtres.write.1.tlog
D:\проги\КурсачОС\Курсач\Курсач\Debug\link.6176-rc.read.1.tlog
D:\проги\КурсачОС\Курсач\Курсач\Debug\link.6176-rc.write.1.tlog
D:\проги\КурсачОС\Курсач\Курсач\Debug\link.6176.read.1.tlog
D:\проги\КурсачОС\Курсач\Курсач\Debug\link.6176.write.1.tlog
D:\проги\КурсачОС\Курсач\Курсач\Debug\link.6196-cvtres.read.1.tlog
D:\проги\КурсачОС\Курсач\Курсач\Debug\link.6196-cvtres.write.1.tlog
D:\проги\КурсачОС\Курсач\Курсач\Debug\link.6196-rc.read.1.tlog
D:\проги\КурсачОС\Курсач\Курсач\Debug\link.6196-rc.write.1.tlog
D:\проги\КурсачОС\Курсач\Курсач\Debug\link.6196.read.1.tlog
D:\проги\КурсачОС\Курсач\Курсач\Debug\link.6196.write.1.tlog
D:\проги\КурсачОС\Курсач\Курсач\Debug\link.6200-cvtres.read.1.tlog
D:\проги\КурсачОС\Курсач\Курсач\Debug\link.6200-cvtres.write.1.tlog
D:\проги\КурсачОС\Курсач\Курсач\Debug\link.6200-rc.read.1.tlog
D:\проги\КурсачОС\Курсач\Курсач\Debug\link.6200-rc.write.1.tlog
D:\проги\КурсачОС\Курсач\Курсач\Debug\link.6200.read.1.tlog
D:\проги\КурсачОС\Курсач\Курсач\Debug\link.6200.write.1.tlog
D:\проги\КурсачОС\Курсач\Курсач\Debug\link.6204-cvtres.read.1.tlog
D:\проги\КурсачОС\Курсач\Курсач\Debug\link.6204-cvtres.write.1.tlog
D:\проги\КурсачОС\Курсач\Курсач\Debug\link.6204-rc.read.1.tlog
D:\проги\КурсачОС\Курсач\Курсач\Debug\link.6204-rc.write.1.tlog
D:\проги\КурсачОС\Курсач\Курсач\Debug\link.6204.read.1.tlog
D:\проги\КурсачОС\Курсач\Курсач\Debug\link.6204.write.1.tlog
D:\проги\КурсачОС\Курсач\Курсач\Debug\link.6240-cvtres.read.1.tlog
D:\проги\КурсачОС\Курсач\Курсач\Debug\link.6240-cvtres.write.1.tlog
D:\проги\КурсачОС\Курсач\Курсач\Debug\link.6240-rc.read.1.tlog
D:\проги\КурсачОС\Курсач\Курсач\Debug\link.6240-rc.write.1.tlog
D:\проги\КурсачОС\Курсач\Курсач\Debug\link.6240.read.1.tlog
D:\проги\КурсачОС\Курсач\Курсач\Debug\link.6240.write.1.tlog
D:\проги\КурсачОС\Курсач\Курсач\Debug\link.6728-cvtres.read.1.tlog
D:\проги\КурсачОС\Курсач\Курсач\Debug\link.6728-cvtres.write.1.tlog
D:\проги\КурсачОС\Курсач\Курсач\Debug\link.6728-rc.read.1.tlog
D:\проги\КурсачОС\Курсач\Курсач\Debug\link.6728-rc.write.1.tlog
D:\проги\КурсачОС\Курсач\Курсач\Debug\link.6728.read.1.tlog
D:\проги\КурсачОС\Курсач\Курсач\Debug\link.6728.write.1.tlog
D:\проги\КурсачОС\Курсач\Курсач\Debug\link.7064-cvtres.read.1.tlog
D:\проги\КурсачОС\Курсач\Курсач\Debug\link.7064-cvtres.write.1.tlog
D:\проги\КурсачОС\Курсач\Курсач\Debug\link.7064-rc.read.1.tlog
D:\проги\КурсачОС\Курсач\Курсач\Debug\link.7064-rc.write.1.tlog
D:\проги\КурсачОС\Курсач\Курсач\Debug\link.7064.read.1.tlog
D:\проги\КурсачОС\Курсач\Курсач\Debug\link.7064.write.1.tlog
D:\проги\КурсачОС\Курсач\Курсач\Debug\link.7760-cvtres.read.1.tlog
D:\проги\КурсачОС\Курсач\Курсач\Debug\link.7760-cvtres.write.1.tlog
D:\проги\КурсачОС\Курсач\Курсач\Debug\link.7760-rc.read.1.tlog
D:\проги\КурсачОС\Курсач\Курсач\Debug\link.7760-rc.write.1.tlog
D:\проги\КурсачОС\Курсач\Курсач\Debug\link.7760.read.1.tlog
D:\проги\КурсачОС\Курсач\Курсач\Debug\link.7760.write.1.tlog
D:\проги\КурсачОС\Курсач\Курсач\Debug\link.8212-cvtres.read.1.tlog
D:\проги\КурсачОС\Курсач\Курсач\Debug\link.8212-cvtres.write.1.tlog
D:\проги\КурсачОС\Курсач\Курсач\Debug\link.8212-rc.read.1.tlog
D:\проги\КурсачОС\Курсач\Курсач\Debug\link.8212-rc.write.1.tlog
D:\проги\КурсачОС\Курсач\Курсач\Debug\link.8212.read.1.tlog
D:\проги\КурсачОС\Курсач\Курсач\Debug\link.8212.write.1.tlog
D:\проги\КурсачОС\Курсач\Курсач\Debug\link.8708-cvtres.read.1.tlog
D:\проги\КурсачОС\Курсач\Курсач\Debug\link.8708-cvtres.write.1.tlog
D:\проги\КурсачОС\Курсач\Курсач\Debug\link.8708-rc.read.1.tlog
D:\проги\КурсачОС\Курсач\Курсач\Debug\link.8708-rc.write.1.tlog
D:\проги\КурсачОС\Курсач\Курсач\Debug\link.8708.read.1.tlog
D:\проги\КурсачОС\Курсач\Курсач\Debug\link.8708.write.1.tlog
D:\проги\КурсачОС\Курсач\Курсач\Debug\link.8824-cvtres.read.1.tlog
D:\проги\КурсачОС\Курсач\Курсач\Debug\link.8824-cvtres.write.1.tlog
D:\проги\КурсачОС\Курсач\Курсач\Debug\link.8824-rc.read.1.tlog
D:\проги\КурсачОС\Курсач\Курсач\Debug\link.8824-rc.write.1.tlog
D:\проги\КурсачОС\Курсач\Курсач\Debug\link.8824.read.1.tlog
D:\проги\КурсачОС\Курсач\Курсач\Debug\link.8824.write.1.tlog
D:\проги\КурсачОС\Курсач\Курсач\Debug\link.command.1.tlog
D:\проги\КурсачОС\Курсач\Курсач\Debug\link.read.1.tlog
D:\проги\КурсачОС\Курсач\Курсач\Debug\link.write.1.tlog
D:\проги\КурсачОС\Курсач\Курсач\Debug\metagen.read.1.tlog
D:\проги\КурсачОС\Курсач\Курсач\Debug\metagen.write.1.tlog
D:\проги\КурсачОС\Курсач\Курсач\Debug\rc.command.1.tlog
D:\проги\КурсачОС\Курсач\Курсач\Debug\rc.read.1.tlog
D:\проги\КурсачОС\Курсач\Курсач\Debug\rc.write.1.tlog
D:\проги\КурсачОС\Курсач\Курсач\Debug\app.res
D:\проги\КурсачОС\Курсач\Курсач\Debug\Курсач.pch
D:\проги\КурсачОС\Курсач\Курсач\Debug\vc110.pdb
D:\проги\КурсачОС\Курсач\Курсач\Debug\TZRES.DLL.bi
D:\проги\КурсачОС\Курсач\Debug\Курсач.pdb
D:\проги\КурсачОС\Курсач\Debug\Курсач.exe
D:\проги\КурсачОС\Курсач\Debug\Курсач.ilk
